<?xml version="1.0" encoding="UTF-8"?>
<!-- Generated by org.testng.reporters.JUnitReportReporter -->
<testsuite hostname="DESKTOP-5D2SB1A" failures="0" tests="4" name="FunctionalTesting.operations" time="20.694" errors="0" timestamp="2022-04-22T14:01:15 IST" skipped="0">
  <testcase classname="FunctionalTesting.operations" name="Multiplication" time="5.232"/>
  <system-out/>
  <testcase classname="FunctionalTesting.operations" name="Division" time="5.155"/>
  <system-out/>
  <testcase classname="FunctionalTesting.operations" name="Addition" time="5.142"/>
  <system-out/>
  <testcase classname="FunctionalTesting.operations" name="Substraction" time="5.165"/>
  <system-out/>
</testsuite> <!-- FunctionalTesting.operations -->
